			---------------------------------------------------------
			---------------------------------------------------------
			MasterCheck.ps1 	(MasterScript for server checks)
			Version: 			1.3
			Script started on:	25.01.2016 08:08:30 from admbarmetmi
			RootFolder:		C:\admin
			---------------------------------------------------------
			---------------------------------------------------------
			
25.01.2016 08:08:33  	PowerShell version: 	2
25.01.2016 08:08:33  	Parameter which this script has been started:
25.01.2016 08:08:33  	Param ::: CheckTyp: 		precheck
25.01.2016 08:08:33  	Param ::: Products: 		Full
			
25.01.2016 08:08:33  	Check C:\admin\CheckScripts\
25.01.2016 08:08:33  	ScriptFolder exist --> OK
25.01.2016 08:08:33  	Get the CheckScripts...
25.01.2016 08:08:33  	Collect Informations...
			
25.01.2016 08:08:33  	CheckAdminAccess.ps1 Collected: True
25.01.2016 08:08:33  	CheckAutologAdmin.ps1 Collected: True
25.01.2016 08:08:33  	CheckBitLockerDriveEncryption.ps1 Collected: True
25.01.2016 08:08:33  	CheckBITSService.ps1 Collected: True
25.01.2016 08:08:33  	CheckBuitInAdminAccount.ps1 Collected: True
25.01.2016 08:08:33  	CheckDeviceManager.ps1 Collected: True
25.01.2016 08:08:33  	CheckDomJoin.ps1 Collected: True
25.01.2016 08:08:33  	CheckExistingMalwareProtection.ps1 Collected: True
25.01.2016 08:08:33  	CheckIISLogLocation.ps1 is corrupt!!!! Error: You cannot call a method on a null-valued expression..Exception.Message; 
25.01.2016 08:08:33  	CheckIISTaskScheduler.ps1 Collected: True
25.01.2016 08:08:33  	CheckLizState.ps1 Collected: True
25.01.2016 08:08:34  	CheckLocalAdminActive.ps1 Collected: True
25.01.2016 08:08:34  	CheckMalwareProtectionInstalled.ps1 Collected: True
25.01.2016 08:08:34  	CheckMonitoringInstalled.ps1 Collected: True
25.01.2016 08:08:34  	CheckOSLanguage.ps1 Collected: True
25.01.2016 08:08:34  	CheckPatchLevel.ps1 Collected: True
25.01.2016 08:08:34  	CheckPuppetAgent.ps1 Collected: True
25.01.2016 08:08:34  	CheckRDP.ps1 Collected: True
25.01.2016 08:08:34  	CheckServices.ps1 Collected: True
25.01.2016 08:08:34  	CheckSystemDrive.ps1 is corrupt!!!! Error: You cannot call a method on a null-valued expression..Exception.Message; 
25.01.2016 08:08:34  	CheckWUService.ps1 Collected: True
25.01.2016 08:08:34  	CheckWUServicePolicy.ps1 Collected: True
25.01.2016 08:08:34  	MonAgentCheck.ps1 Collected: True
25.01.2016 08:08:34  	OS-Version.ps1 Collected: True
25.01.2016 08:08:34  	VmToolsCheck.ps1 Collected: True
25.01.2016 08:08:34  	WindowsFirewall.ps1 Collected: True
25.01.2016 08:08:34  	WindowsFirewallSMB.ps1 Collected: True
			
25.01.2016 08:08:34  	VmToolsCheck not executed --> wrong checktyp or wrong products assigned...
25.01.2016 08:08:34  	CheckIISTaskScheduler not executed --> wrong checktyp or wrong products assigned...
25.01.2016 08:08:34  	Execute:	CheckPuppetAgent
25.01.2016 08:08:35  			ID: CheckPuppetAgent
25.01.2016 08:08:35  			Status: True 
25.01.2016 08:08:35  			Area: Cloud Managed Services
25.01.2016 08:08:35  			Short: Check Puppet Agent
25.01.2016 08:08:35  			Check if Puppet Agent is not running and not installed
25.01.2016 08:08:35  			Info: Puppet Agent service not found.
25.01.2016 08:08:35  			Error:  --- 
25.01.2016 08:08:35  	Done:	CheckPuppetAgent
			
25.01.2016 08:08:35  	Execute:	CheckExistingMalwareProtection
25.01.2016 08:08:44  			ID: CheckExistingMalwareProtection
25.01.2016 08:08:44  			Status: False 
25.01.2016 08:08:44  			Area: Malware
25.01.2016 08:08:44  			Short: Anti-Virus
25.01.2016 08:08:44  			Search installed AntiVirus software
25.01.2016 08:08:44  			Info:  --- 
25.01.2016 08:08:44  			Error: <p><b>Found in Registry HKLM:\Software\Microsoft\Windows\CurrentVersion\Uninstall\*</b></p>
<table class="infotable">
<thead><tr><th>Vendor:</th><th>Name:</th><th>Version:</th><th>Install date:</th></tr></thead>
<tbody>
<tr><td>Symantec Corporation</td><td>Symantec Endpoint Protection</td><td>12.1.3001.165</td><td>25.06.2013</td></tr>
</tbody></table></br>
<p><b>Found in installed software</b></p>
<table class="infotable">
<thead><tr><th>Vendor:</th><th>Name:</th><th>Version:</th><th>Install date:</th></tr></thead>
<tbody>
<tr><td>Symantec Corporation</td><td>Symantec Endpoint Protection</td><td>12.1.3001.165</td><td>25.06.2013</td></tr>
</tbody></table></br>

25.01.2016 08:08:44  	Done:	CheckExistingMalwareProtection
			
25.01.2016 08:08:44  	CheckMalwareProtectionInstalled not executed --> wrong checktyp or wrong products assigned...
25.01.2016 08:08:44  	Execute:	CheckMonitoringInstalled
25.01.2016 08:08:44  			ID: CheckMonitoringInstalled
25.01.2016 08:08:44  			Status: True 
25.01.2016 08:08:44  			Area: Monitoring
25.01.2016 08:08:44  			Short: Check Monitoring Agent
25.01.2016 08:08:44  			Check if service does not exist
25.01.2016 08:08:44  			Info: 
25.01.2016 08:08:44  			Error: ""Nxlog"" and ""NSClient++ (x64)"" services have not been found!
25.01.2016 08:08:44  	Done:	CheckMonitoringInstalled
			
25.01.2016 08:08:44  	MonAgentCheck not executed --> wrong checktyp or wrong products assigned...
25.01.2016 08:08:44  	Execute:	OS-Version
25.01.2016 08:08:44  			ID: OS-Version
25.01.2016 08:08:44  			Status: True 
25.01.2016 08:08:44  			Area: Monitoring
25.01.2016 08:08:44  			Short: Check the OS Version
25.01.2016 08:08:44  			Check if the OS Version is Windows Server 2012R2 (6.3*) or 2008R2 (6.1*)
25.01.2016 08:08:44  			Info: Current Operating System version is allowed: "Microsoft Windows Server 2008 R2 Standard "
25.01.2016 08:08:44  			Error: 
25.01.2016 08:08:44  	Done:	OS-Version
			
25.01.2016 08:08:44  	Execute:	WindowsFirewall
25.01.2016 08:08:44  			ID: WindowsFirewall
25.01.2016 08:08:44  			Status: False 
25.01.2016 08:08:44  			Area: Netzwerk
25.01.2016 08:08:44  			Short: Check if Windows Firewall is enabled
25.01.2016 08:08:44  			Check if firwall is enabled on private/public/domain profile
25.01.2016 08:08:44  			Info: 
25.01.2016 08:08:44  			Error: Windows Firewall is not enabled on one or more profiles (0 = disabled / 1 = enabled):<table class="errortable"><thead><tr><th>Firewall Profile</th><th>Status</th></thead><tbody>		 <tr>
		 <td>Domain Profile</td><td>0</td>
		 </tr>
		 <tr>
		 <td>Private Profile</td><td>0</td>
		 </tr>
		 <tr>
		 <td>Public Profile</td><td>0</td>
		 </tr></tbody></table></br>
25.01.2016 08:08:44  	Done:	WindowsFirewall
			
25.01.2016 08:08:44  	Execute:	WindowsFirewallSMB
25.01.2016 08:08:45  			ID: WindowsFirewallSMB
25.01.2016 08:08:45  			Status: True 
25.01.2016 08:08:45  			Area: Netzwerk
25.01.2016 08:08:45  			Short: Check SMB Firewall Rule
25.01.2016 08:08:45  			Check if the firewall rule ""File and Printer Sharing (SMB-In)"" is enabled
25.01.2016 08:08:45  			Info: Firewall Rule ""File and Printer Sharing (SMB-In)"" already enabled!
25.01.2016 08:08:45  			Error: 
25.01.2016 08:08:45  	Done:	WindowsFirewallSMB
			
25.01.2016 08:08:45  	Execute:	CheckBuitInAdminAccount
25.01.2016 08:08:45  			ID: CheckBuitInAdminAccount
25.01.2016 08:08:45  			Status: False 
25.01.2016 08:08:45  			Area: OS/Credentials
25.01.2016 08:08:45  			Short: Check Built-In Admin Account
25.01.2016 08:08:45  			Checks if the Current Account under which the Script is Executed if it is the Original Microsoft Built-In Administrator Account
25.01.2016 08:08:45  			Info: 
25.01.2016 08:08:45  			Error: Current User: "admbarmetmi" is not the Original Microsoft Built-In Administrator Account '
    Please use the the Built-In Administrator Account for further Actions
25.01.2016 08:08:45  	Done:	CheckBuitInAdminAccount
			
25.01.2016 08:08:45  	Execute:	CheckLocalAdminActive
25.01.2016 08:08:46  			ID: CheckLocalAdminActive
25.01.2016 08:08:46  			Status: True 
25.01.2016 08:08:46  			Area: OS/Credentials
25.01.2016 08:08:46  			Short: Check if Local Admin is active
25.01.2016 08:08:46  			Check if Built-In Local Admin Account is activ
25.01.2016 08:08:46  			Info: <table class="infotable">
<thead><tr><th>Propertie:</th><th>Value:</th></tr></thead>
<tbody>
<tr><td>Name:</td><td>Administrator</td></tr>
<tr><td>SID:</td><td>S-1-5-21-3961358349-1429876936-346921506-500</td></tr>
<tr><td>State:</td><td>OK</td></tr>
<tr><td>Disabled:</td><td>False</td></tr>
<tr><td>Lockout:</td><td>False</td></tr>
<tr><td>PasswordRequired:</td><td>True</td></tr>
<tr><td>PasswordChangeable:</td><td>True</td></tr>
</tbody></table></br>

25.01.2016 08:08:46  			Error:  --- 
25.01.2016 08:08:46  	Done:	CheckLocalAdminActive
			
25.01.2016 08:08:46  	Execute:	CheckAdminAccess
25.01.2016 08:08:46  	!!! Failed to run Check !!! :	The term '.\CheckScripts\Tools\Carbon\Import-Carbon.ps1' is not recognized as the name of a cmdlet, function, script file, or operable program. Check the spelling of the name, or if a path was included, verify that the path is correct and try again..Exception.Message;
			
25.01.2016 08:08:46  	Execute:	CheckAutologAdmin
25.01.2016 08:08:46  			ID: CheckAutologAdmin
25.01.2016 08:08:46  			Status: True 
25.01.2016 08:08:46  			Area: OS/System
25.01.2016 08:08:46  			Short: Check if AutoAdminLogon is disabled
25.01.2016 08:08:46  			Check if the registry Key AutoAdminLogon is disabled
25.01.2016 08:08:46  			Info: AutoAdminLogon key not found in registry, assuming that it is disabled!
25.01.2016 08:08:46  			Error: 
25.01.2016 08:08:46  	Done:	CheckAutologAdmin
			
25.01.2016 08:08:46  	Execute:	CheckBitLockerDriveEncryption
25.01.2016 08:08:46  	!!! Failed to run Check !!! :	The term '.\CheckScripts\Tools\Carbon\Import-Carbon.ps1' is not recognized as the name of a cmdlet, function, script file, or operable program. Check the spelling of the name, or if a path was included, verify that the path is correct and try again..Exception.Message;
			
25.01.2016 08:08:46  	Execute:	CheckDeviceManager
25.01.2016 08:08:46  			ID: CheckDeviceManager
25.01.2016 08:08:46  			Status: True 
25.01.2016 08:08:46  			Area: OS/System
25.01.2016 08:08:46  			Short: Check devicemanager for errors
25.01.2016 08:08:46  			Check if there are any unknown devices or devices with the status ""Error"" in the devicemanager.
25.01.2016 08:08:46  			Info: All devices seem to be OK
25.01.2016 08:08:46  			Error: 
25.01.2016 08:08:46  	Done:	CheckDeviceManager
			
25.01.2016 08:08:46  	CheckDomJoin not executed --> wrong checktyp or wrong products assigned...
25.01.2016 08:08:46  	Execute:	CheckLizState
25.01.2016 08:08:47  			ID: CheckLizState
25.01.2016 08:08:47  			Status: False 
25.01.2016 08:08:47  			Area: OS/System
25.01.2016 08:08:47  			Short: Check license status of the machine
25.01.2016 08:08:47  			Check wether the machine is activated or not.
25.01.2016 08:08:47  			Info: Licensed
25.01.2016 08:08:47  			Error: Windows is not activated! Unlicensed
25.01.2016 08:08:47  	Done:	CheckLizState
			
25.01.2016 08:08:47  	Execute:	CheckOSLanguage
25.01.2016 08:08:47  			ID: CheckOSLanguage
25.01.2016 08:08:47  			Status: True 
25.01.2016 08:08:47  			Area: OS/System
25.01.2016 08:08:47  			Short: Check OS Language
25.01.2016 08:08:47  			Check if OS Language is English_United_States (Locale ID 1033)
25.01.2016 08:08:47  			Info: Current OS Language is English_United_States (1033)
25.01.2016 08:08:47  			Error: 
25.01.2016 08:08:47  	Done:	CheckOSLanguage
			
25.01.2016 08:08:47  	Execute:	CheckRDP
25.01.2016 08:08:47  			ID: CheckRDP
25.01.2016 08:08:47  			Status: True 
25.01.2016 08:08:48  			Area: OS/System
25.01.2016 08:08:48  			Short: Check if RDP is activated
25.01.2016 08:08:48  			Check if RDP is set to ""Allow remote connections to this computer""
25.01.2016 08:08:48  			Info: All Connections allowed
25.01.2016 08:08:48  			Error: 
25.01.2016 08:08:48  	Done:	CheckRDP
			
25.01.2016 08:08:48  	Execute:	CheckServices
25.01.2016 08:08:53  			ID: CheckServices
25.01.2016 08:08:53  			Status: False 
25.01.2016 08:08:53  			Area: OS/System/Server Hardening
25.01.2016 08:08:53  			Short: Checks if Server Hardening has been applied
25.01.2016 08:08:53  			Server Hardening, Checks if Windows Services which are not required are Configured to be ""Disabled""
25.01.2016 08:08:53  			Info: 
25.01.2016 08:08:53  			Error: <table class="errortable"><thead><tr><th>Windows Service Display Name</th><th>Service Name</th><th>Expected Result</th><th>Current Configuration</th></tr></thead><tbody><tr><td>Windows Audio Endpoint Builder</td><td>AudioEndpointBuilder</td><td>Disabled</td><td>Manual</td></tr><tr><td>Windows Audio</td><td>Audiosrv</td><td>Disabled</td><td>Manual</td></tr><tr><td>Computer Browser</td><td>Browser</td><td>Disabled</td><td>Disabled</td></tr><tr><td>Windows Font Cache Service</td><td>FontCache</td><td>Disabled</td><td>Auto</td></tr><tr><td>IP Helper</td><td>iphlpsvc</td><td>Disabled</td><td>Auto</td></tr><tr><td>Net.Tcp Port Sharing Service</td><td>NetTcpPortSharing</td><td>Disabled</td><td>Manual</td></tr><tr><td>Routing and Remote Access</td><td>RemoteAccess</td><td>Disabled</td><td>Disabled</td></tr><tr><td>Smart Card</td><td>SCardSvr</td><td>Disabled</td><td>Manual</td></tr><tr><td>Secondary Logon</td><td>seclogon</td><td>Disabled</td><td>Manual</td></tr><tr><td>Internet Connection Sharing (ICS)</td><td>SharedAccess</td><td>Disabled</td><td>Disabled</td></tr><tr><td>Shell Hardware Detection</td><td>ShellHWDetection</td><td>Disabled</td><td>Auto</td></tr><tr><td>SSDP Discovery</td><td>SSDPSRV</td><td>Disabled</td><td>Disabled</td></tr><tr><td>Distributed Link Tracking Client</td><td>TrkWks</td><td>Disabled</td><td>Auto</td></tr><tr><td>UPnP Device Host</td><td>upnphost</td><td>Disabled</td><td>Disabled</td></tr><tr><td>Windows Color System</td><td>WcsPlugInService</td><td>Disabled</td><td>Manual</td></tr></tbody></table>Not all services are disabled!
25.01.2016 08:08:53  	Done:	CheckServices
			
25.01.2016 08:08:53  	Execute:	CheckBITSService
25.01.2016 08:08:53  			ID: CheckBITSService
25.01.2016 08:08:53  			Status: True 
25.01.2016 08:08:53  			Area: Patching
25.01.2016 08:08:53  			Short: Check if BITS Service is not disabled
25.01.2016 08:08:53  			Check if Background Intelligent Transfer Service is not disabled
25.01.2016 08:08:53  			Info: Background Intelligent Transfer Service is NOT disabled.
25.01.2016 08:08:53  			Error: 
25.01.2016 08:08:53  	Done:	CheckBITSService
			
25.01.2016 08:08:53  	Execute:	CheckPatchLevel
25.01.2016 08:09:24  			ID: CheckPatchLevel
25.01.2016 08:09:24  			Status: True 
25.01.2016 08:09:24  			Area: Patching
25.01.2016 08:09:24  			Short: Check Patch Level of the machine
25.01.2016 08:09:24  			Check when the last Patch has been applied and if this is within the Supported Time Range
25.01.2016 08:09:24  			Info: <p>The last Hotfix has to be installed after:26. Dezember 2015</p><br><p>Patchlevel OK. Last Installdate is:Sonntag 24.01.2016<br>Total 721 installed Updates found</p>
25.01.2016 08:09:24  			Error:  --- 
25.01.2016 08:09:24  	Done:	CheckPatchLevel
			
25.01.2016 08:09:24  	Execute:	CheckWUService
25.01.2016 08:09:24  			ID: CheckWUService
25.01.2016 08:09:24  			Status: True 
25.01.2016 08:09:24  			Area: Patching
25.01.2016 08:09:24  			Short: Check Windows Update Service
25.01.2016 08:09:24  			Check if Windows Update Service is not disabled
25.01.2016 08:09:24  			Info: Windows Update Service is NOT disabled.
25.01.2016 08:09:24  			Error: 
25.01.2016 08:09:24  	Done:	CheckWUService
			
25.01.2016 08:09:24  	Execute:	CheckWUServicePolicy
25.01.2016 08:09:24  			ID: CheckWUServicePolicy
25.01.2016 08:09:24  			Status: False 
25.01.2016 08:09:24  			Area: Patching
25.01.2016 08:09:24  			Short: Check Automatic Updates
25.01.2016 08:09:24  			Check WSUS Policies via GPO 
25.01.2016 08:09:24  			Info:  --- 
25.01.2016 08:09:24  			Error: <p>GPO is configured to a different Windows Update Server.</br>Please move this Server to the defined OU for Onboarding.</br>Actual configured Server: http://shhscpwsusinternal.global.schindler.com:8530</p>
25.01.2016 08:09:24  	Done:	CheckWUServicePolicy
			
			 ---------------------------------------------------------
25.01.2016 08:09:24  	Finish, all check-scripts executed...
25.01.2016 08:09:24  	Totally 20 CheckScript(s) executed
25.01.2016 08:09:24  	6 check(s) failed
			
25.01.2016 08:09:24  	Write Html Header....
25.01.2016 08:09:24  	Write Html CSS....
25.01.2016 08:09:24  	Write Html TopInfos....
25.01.2016 08:09:24  	Write Html checkresults....
25.01.2016 08:09:24  	Write Html Footer....
25.01.2016 08:09:24  	Create Html Report: C:\Admin\Logs\Report_PRECHECK_25012016080830_SHHWSR0054.GLOBAL.SCHINDLER.COM.html
25.01.2016 08:09:24  	Html Report created
			 ---------------------------------------------------------
25.01.2016 08:09:24  	Run MasterCheck.ps1 Done...
			 ---------------------------------------------------------
			
